2014-06-28 15:53:29,850 INFO : com.ves.main.controller.ScheduledEvents - -START- ScheduledEvents.loadDeviceInfos
2014-06-28 15:53:29,966 INFO : com.ves.main.controller.ScheduledEvents - -END- ScheduledEvents.loadDeviceInfos
2014-06-28 15:53:29,966 INFO : com.ves.main.controller.ScheduledEvents - -START- ScheduledEvents.loadUsers
2014-06-28 15:53:29,974 INFO : com.ves.main.controller.ScheduledEvents - -END- ScheduledEvents.loadUsers
2014-06-28 15:53:30,264 INFO : com.ves.main.Application - Starting Application on dv6 with PID 7652 (C:\Users\veysi\git\sample-communication-project\ComPrototype\target\classes started by veysi in C:\Users\veysi\git\sample-communication-project\ComPrototype)
2014-06-28 15:53:30,681 INFO : org.springframework.beans.factory.xml.XmlBeanDefinitionReader - Loading XML bean definitions from class path resource [spring/applicationContext.xml]
2014-06-28 15:53:30,763 INFO : org.springframework.beans.factory.xml.XmlBeanDefinitionReader - Loading XML bean definitions from class path resource [spring/spring-security.xml]
2014-06-28 15:53:31,523 INFO : org.springframework.beans.factory.annotation.AutowiredAnnotationBeanPostProcessor - JSR-330 'javax.inject.Inject' annotation found and supported for autowiring
2014-06-28 15:53:31,583 INFO : org.springframework.context.support.PostProcessorRegistrationDelegate$BeanPostProcessorChecker - Bean 'taskExecutor' of type [class org.springframework.scheduling.config.TaskExecutorFactoryBean] is not eligible for getting processed by all BeanPostProcessors (for example: not eligible for auto-proxying)
2014-06-28 15:53:31,583 INFO : org.springframework.context.support.PostProcessorRegistrationDelegate$BeanPostProcessorChecker - Bean 'taskExecutor' of type [class org.springframework.scheduling.concurrent.ThreadPoolTaskExecutor] is not eligible for getting processed by all BeanPostProcessors (for example: not eligible for auto-proxying)
2014-06-28 15:53:31,600 INFO : org.springframework.context.support.PostProcessorRegistrationDelegate$BeanPostProcessorChecker - Bean 'taskScheduler' of type [class org.springframework.scheduling.concurrent.ThreadPoolTaskScheduler] is not eligible for getting processed by all BeanPostProcessors (for example: not eligible for auto-proxying)
2014-06-28 15:53:31,623 INFO : org.springframework.context.support.PostProcessorRegistrationDelegate$BeanPostProcessorChecker - Bean 'org.springframework.security.access.expression.method.DefaultMethodSecurityExpressionHandler#0' of type [class org.springframework.security.access.expression.method.DefaultMethodSecurityExpressionHandler] is not eligible for getting processed by all BeanPostProcessors (for example: not eligible for auto-proxying)
2014-06-28 15:53:31,628 INFO : org.springframework.context.support.PostProcessorRegistrationDelegate$BeanPostProcessorChecker - Bean '(inner bean)#59a02097' of type [class org.springframework.security.access.expression.method.ExpressionBasedAnnotationAttributeFactory] is not eligible for getting processed by all BeanPostProcessors (for example: not eligible for auto-proxying)
2014-06-28 15:53:31,631 INFO : org.springframework.context.support.PostProcessorRegistrationDelegate$BeanPostProcessorChecker - Bean '(inner bean)#4adf9095' of type [class org.springframework.security.access.prepost.PrePostAnnotationSecurityMetadataSource] is not eligible for getting processed by all BeanPostProcessors (for example: not eligible for auto-proxying)
2014-06-28 15:53:31,635 INFO : org.springframework.context.support.PostProcessorRegistrationDelegate$BeanPostProcessorChecker - Bean 'org.springframework.security.access.method.DelegatingMethodSecurityMetadataSource#0' of type [class org.springframework.security.access.method.DelegatingMethodSecurityMetadataSource] is not eligible for getting processed by all BeanPostProcessors (for example: not eligible for auto-proxying)
2014-06-28 15:53:31,640 INFO : org.springframework.context.support.PostProcessorRegistrationDelegate$BeanPostProcessorChecker - Bean 'org.springframework.security.methodSecurityMetadataSourceAdvisor' of type [class org.springframework.security.access.intercept.aopalliance.MethodSecurityMetadataSourceAdvisor] is not eligible for getting processed by all BeanPostProcessors (for example: not eligible for auto-proxying)
2014-06-28 15:53:32,287 INFO : org.springframework.web.context.ContextLoader - Root WebApplicationContext: initialization completed in 1993 ms
2014-06-28 15:53:33,276 INFO : org.springframework.web.servlet.mvc.method.annotation.RequestMappingHandlerMapping - Mapped "{[/updateConnectionParameters],methods=[POST],params=[],headers=[],consumes=[],produces=[],custom=[]}" onto public java.lang.String com.ves.main.controller.ConnectionController.update(org.springframework.ui.Model,java.util.Map<java.lang.String, java.lang.String>) throws java.io.IOException,javax.xml.bind.JAXBException
2014-06-28 15:53:33,277 INFO : org.springframework.web.servlet.mvc.method.annotation.RequestMappingHandlerMapping - Mapped "{[/testConnectionParameters],methods=[POST],params=[],headers=[],consumes=[],produces=[],custom=[]}" onto public java.lang.String com.ves.main.controller.ConnectionController.test(org.springframework.ui.ModelMap,javax.servlet.http.HttpServletRequest,java.lang.String,java.lang.String,java.lang.String,java.lang.String,java.lang.String)
2014-06-28 15:53:33,277 INFO : org.springframework.web.servlet.mvc.method.annotation.RequestMappingHandlerMapping - Mapped "{[/date],methods=[GET],params=[],headers=[],consumes=[],produces=[],custom=[]}" onto public java.lang.String com.ves.main.controller.DateController.date(org.springframework.ui.ModelMap,javax.servlet.http.HttpServletRequest)
2014-06-28 15:53:33,278 INFO : org.springframework.web.servlet.mvc.method.annotation.RequestMappingHandlerMapping - Mapped "{[/editDevice],methods=[GET],params=[],headers=[],consumes=[],produces=[],custom=[]}" onto public java.lang.String com.ves.main.controller.DeviceController.home(java.util.Locale,org.springframework.ui.Model,java.lang.String)
2014-06-28 15:53:33,278 INFO : org.springframework.web.servlet.mvc.method.annotation.RequestMappingHandlerMapping - Mapped "{[/updateRegister],methods=[POST],params=[],headers=[],consumes=[],produces=[],custom=[]}" onto public java.lang.String com.ves.main.controller.DeviceController.updateRegister(java.util.Locale,org.springframework.ui.Model,java.lang.String,java.lang.String,java.lang.String,java.lang.String)
2014-06-28 15:53:33,278 INFO : org.springframework.web.servlet.mvc.method.annotation.RequestMappingHandlerMapping - Mapped "{[/],methods=[GET],params=[],headers=[],consumes=[],produces=[],custom=[]}" onto public java.lang.String com.ves.main.controller.HomeController.admin(org.springframework.ui.ModelMap,javax.servlet.http.HttpServletRequest)
2014-06-28 15:53:33,279 INFO : org.springframework.web.servlet.mvc.method.annotation.RequestMappingHandlerMapping - Mapped "{[/monitorDevice],methods=[GET],params=[],headers=[],consumes=[],produces=[],custom=[]}" onto public java.lang.String com.ves.main.controller.MonitorDeviceController.monitorDevice(org.springframework.ui.ModelMap,javax.servlet.http.HttpServletRequest,java.lang.String)
2014-06-28 15:53:33,280 INFO : org.springframework.web.servlet.mvc.method.annotation.RequestMappingHandlerMapping - Mapped "{[/connection_parameter],methods=[],params=[],headers=[],consumes=[],produces=[],custom=[]}" onto public java.util.Map<java.lang.String, java.lang.String[]> com.ves.main.controller.RestController.connectionParameter(java.lang.String) throws java.io.IOException,javax.xml.bind.JAXBException
2014-06-28 15:53:33,280 INFO : org.springframework.web.servlet.mvc.method.annotation.RequestMappingHandlerMapping - Mapped "{[/device_list],methods=[],params=[],headers=[],consumes=[],produces=[],custom=[]}" onto public java.util.List<java.lang.String> com.ves.main.controller.RestController.deviceList()
2014-06-28 15:53:33,280 INFO : org.springframework.web.servlet.mvc.method.annotation.RequestMappingHandlerMapping - Mapped "{[/configured_device_list],methods=[],params=[],headers=[],consumes=[],produces=[],custom=[]}" onto public java.util.Map<java.lang.String, java.lang.String> com.ves.main.controller.RestController.ConfiguredDeviceList() throws java.io.IOException,javax.xml.bind.JAXBException
2014-06-28 15:53:33,353 INFO : org.springframework.web.servlet.handler.SimpleUrlHandlerMapping - Mapped URL path [/js/**] onto handler of type [class org.springframework.web.servlet.resource.ResourceHttpRequestHandler]
2014-06-28 15:53:33,353 INFO : org.springframework.web.servlet.handler.SimpleUrlHandlerMapping - Mapped URL path [/css/**] onto handler of type [class org.springframework.web.servlet.resource.ResourceHttpRequestHandler]
2014-06-28 15:53:33,363 INFO : org.springframework.web.servlet.handler.SimpleUrlHandlerMapping - Mapped URL path [/**] onto handler of type [class org.springframework.web.servlet.resource.DefaultServletHttpRequestHandler]
2014-06-28 15:53:34,089 INFO : com.ves.main.Application - Started Application in 4.018 seconds (JVM running for 4.393)
